<?xml version="1.0" encoding="UTF-8"?>
<testng-results ignored="0" total="1" passed="1" failed="0" skipped="0">
  <reporter-output>
  </reporter-output>
  <suite started-at="2024-07-08T00:17:26 IST" name="Default suite" finished-at="2024-07-08T00:17:38 IST" duration-ms="12700">
    <groups>
    </groups>
    <test started-at="2024-07-08T00:17:26 IST" name="Default test" finished-at="2024-07-08T00:17:38 IST" duration-ms="12700">
      <class name="iframes.iframes">
        <test-method is-config="true" signature="bt()[pri:0, instance:iframes.iframes@130c12b7]" started-at="2024-07-08T00:17:26 IST" name="bt" finished-at="2024-07-08T00:17:36 IST" duration-ms="10094" status="PASS">
          <reporter-output>
          </reporter-output>
        </test-method> <!-- bt -->
        <test-method signature="iframeslist()[pri:0, instance:iframes.iframes@130c12b7]" started-at="2024-07-08T00:17:36 IST" name="iframeslist" finished-at="2024-07-08T00:17:38 IST" duration-ms="2437" status="PASS">
          <reporter-output>
          </reporter-output>
        </test-method> <!-- iframeslist -->
      </class> <!-- iframes.iframes -->
    </test> <!-- Default test -->
  </suite> <!-- Default suite -->
</testng-results>
